[debug] [2021-10-24T14:59:32.322Z] ----------------------------------------------------------------------
[debug] [2021-10-24T14:59:32.326Z] Command:       C:\Program Files\nodejs\node.exe C:\Users\Admin\AppData\Roaming\npm\node_modules\firebase-tools\lib\bin\firebase.js init
[debug] [2021-10-24T14:59:32.326Z] CLI Version:   9.21.0
[debug] [2021-10-24T14:59:32.326Z] Platform:      win32
[debug] [2021-10-24T14:59:32.326Z] Node Version:  v12.18.3
[debug] [2021-10-24T14:59:32.329Z] Time:          Sun Oct 24 2021 17:59:32 GMT+0300 (GMT+03:00)
[debug] [2021-10-24T14:59:32.329Z] ----------------------------------------------------------------------
[debug] 
[debug] [2021-10-24T14:59:32.344Z] > command requires scopes: ["email","openid","https://www.googleapis.com/auth/cloudplatformprojects.readonly","https://www.googleapis.com/auth/firebase","https://www.googleapis.com/auth/cloud-platform"]
[debug] [2021-10-24T14:59:32.344Z] > authorizing via signed-in user (inspiration.ty@gmail.com)
[info] 
     ######## #### ########  ######## ########     ###     ######  ########
     ##        ##  ##     ## ##       ##     ##  ##   ##  ##       ##
     ######    ##  ########  ######   ########  #########  ######  ######
     ##        ##  ##    ##  ##       ##     ## ##     ##       ## ##
     ##       #### ##     ## ######## ########  ##     ##  ######  ########

You're about to initialize a Firebase project in this directory:

  F:\dashboard\api

[info] 
=== Project Setup
[info] 
[info] First, let's associate this project directory with a Firebase project.
[info] You can create multiple project aliases by running firebase use --add, 
[info] but for now we'll just set up a default project.
[info] 
[debug] [2021-10-24T14:59:50.971Z] >>> [apiv2][query] GET https://firebase.googleapis.com/v1beta1/projects pageSize=100
[debug] [2021-10-24T14:59:51.510Z] <<< [apiv2][status] GET https://firebase.googleapis.com/v1beta1/projects 200
[debug] [2021-10-24T14:59:51.510Z] <<< [apiv2][body] GET https://firebase.googleapis.com/v1beta1/projects [omitted]
[info] i  Using project fir-nest (firebase-nest) 
[info] 
=== Database Setup
[info] i  database: ensuring required API firebasedatabase.googleapis.com is enabled... 
[debug] [2021-10-24T15:00:16.274Z] > refreshing access token with scopes: ["email","https://www.googleapis.com/auth/cloud-platform","https://www.googleapis.com/auth/cloudplatformprojects.readonly","https://www.googleapis.com/auth/firebase","openid"]
[debug] [2021-10-24T15:00:16.274Z] >>> HTTP REQUEST POST https://www.googleapis.com/oauth2/v3/token  
 <request body omitted>
[debug] [2021-10-24T15:00:16.443Z] <<< HTTP RESPONSE 200 {"cache-control":"no-cache, no-store, max-age=0, must-revalidate","date":"Sun, 24 Oct 2021 15:00:18 GMT","pragma":"no-cache","expires":"Mon, 01 Jan 1990 00:00:00 GMT","content-type":"application/json; charset=utf-8","vary":"X-Origin, Referer, Origin,Accept-Encoding","server":"scaffolding on HTTPServer2","x-xss-protection":"0","x-frame-options":"SAMEORIGIN","x-content-type-options":"nosniff","alt-svc":"h3=\":443\"; ma=2592000,h3-29=\":443\"; ma=2592000,h3-Q050=\":443\"; ma=2592000,h3-Q046=\":443\"; ma=2592000,h3-Q043=\":443\"; ma=2592000","accept-ranges":"none","transfer-encoding":"chunked"}
[debug] [2021-10-24T15:00:16.460Z] >>> HTTP REQUEST GET https://serviceusage.googleapis.com/v1/projects/fir-nest/services/firebasedatabase.googleapis.com  
 
[debug] [2021-10-24T15:00:17.453Z] <<< HTTP RESPONSE 200 {"content-type":"application/json; charset=UTF-8","vary":"X-Origin, Referer, Origin,Accept-Encoding","date":"Sun, 24 Oct 2021 15:00:19 GMT","server":"ESF","cache-control":"private","x-xss-protection":"0","x-frame-options":"SAMEORIGIN","x-content-type-options":"nosniff","alt-svc":"h3=\":443\"; ma=2592000,h3-29=\":443\"; ma=2592000,h3-Q050=\":443\"; ma=2592000,h3-Q046=\":443\"; ma=2592000,h3-Q043=\":443\"; ma=2592000","accept-ranges":"none","transfer-encoding":"chunked"}
[info] +  database: required API firebasedatabase.googleapis.com is enabled 
[info] 
[debug] [2021-10-24T15:00:17.455Z] >>> HTTP REQUEST GET https://firebasedatabase.googleapis.com/v1beta/projects/fir-nest/locations/-/instances/fir-nest-default-rtdb  
 
[debug] [2021-10-24T15:00:17.980Z] <<< HTTP RESPONSE 200 {"content-type":"application/json; charset=UTF-8","vary":"X-Origin, Referer, Origin,Accept-Encoding","date":"Sun, 24 Oct 2021 15:00:19 GMT","server":"ESF","cache-control":"private","x-xss-protection":"0","x-frame-options":"SAMEORIGIN","x-content-type-options":"nosniff","alt-svc":"h3=\":443\"; ma=2592000,h3-29=\":443\"; ma=2592000,h3-Q050=\":443\"; ma=2592000,h3-Q046=\":443\"; ma=2592000,h3-Q043=\":443\"; ma=2592000","accept-ranges":"none","transfer-encoding":"chunked"}
[info] 
[info] Firebase Realtime Database Security Rules allow you to define how your data should be
[info] structured and when your data can be read from and written to.
[info] 
[debug] [2021-10-24T15:00:30.758Z] >>> HTTP REQUEST GET https://fir-nest-default-rtdb.europe-west1.firebasedatabase.app/.settings/rules.json  
 
[debug] [2021-10-24T15:00:31.565Z] <<< HTTP RESPONSE 200 {"server":"nginx","date":"Sun, 24 Oct 2021 15:00:33 GMT","content-type":"application/json; charset=utf-8","content-length":"60","connection":"keep-alive","access-control-allow-origin":"*","cache-control":"no-cache","strict-transport-security":"max-age=31556926; includeSubDomains; preload"}
[info] +  Database Rules for fir-nest-default-rtdb have been written to database.rules.json. 
[info] Future modifications to database.rules.json will update Realtime Database Security Rules when you run
[info] firebase deploy.
[info] 
=== Firestore Setup
[debug] [2021-10-24T15:00:31.573Z] >>> HTTP REQUEST GET https://serviceusage.googleapis.com/v1/projects/fir-nest/services/firestore.googleapis.com  
 
[debug] [2021-10-24T15:00:32.565Z] <<< HTTP RESPONSE 200 {"content-type":"application/json; charset=UTF-8","vary":"X-Origin, Referer, Origin,Accept-Encoding","date":"Sun, 24 Oct 2021 15:00:34 GMT","server":"ESF","cache-control":"private","x-xss-protection":"0","x-frame-options":"SAMEORIGIN","x-content-type-options":"nosniff","alt-svc":"h3=\":443\"; ma=2592000,h3-29=\":443\"; ma=2592000,h3-Q050=\":443\"; ma=2592000,h3-Q046=\":443\"; ma=2592000,h3-Q043=\":443\"; ma=2592000","accept-ranges":"none","transfer-encoding":"chunked"}
[debug] [2021-10-24T15:00:32.565Z] >>> HTTP REQUEST GET https://appengine.googleapis.com/v1/apps/fir-nest  
 
[debug] [2021-10-24T15:00:33.016Z] <<< HTTP RESPONSE 200 {"content-type":"application/json; charset=UTF-8","vary":"X-Origin, Referer, Origin,Accept-Encoding","date":"Sun, 24 Oct 2021 15:00:34 GMT","server":"ESF","cache-control":"private","x-xss-protection":"0","x-frame-options":"SAMEORIGIN","x-content-type-options":"nosniff","alt-svc":"h3=\":443\"; ma=2592000,h3-29=\":443\"; ma=2592000,h3-Q050=\":443\"; ma=2592000,h3-Q046=\":443\"; ma=2592000,h3-Q043=\":443\"; ma=2592000","accept-ranges":"none","transfer-encoding":"chunked"}
[debug] [2021-10-24T15:00:33.016Z] database_type: CLOUD_FIRESTORE
[debug] [2021-10-24T15:00:33.017Z] > command requires scopes: ["email","openid","https://www.googleapis.com/auth/cloudplatformprojects.readonly","https://www.googleapis.com/auth/firebase","https://www.googleapis.com/auth/cloud-platform"]
[debug] [2021-10-24T15:00:33.017Z] > authorizing via signed-in user (inspiration.ty@gmail.com)
[debug] [2021-10-24T15:00:33.017Z] [iam] checking project fir-nest for permissions ["firebase.projects.get"]
[debug] [2021-10-24T15:00:33.017Z] >>> HTTP REQUEST POST https://cloudresourcemanager.googleapis.com/v1/projects/fir-nest:testIamPermissions  
 {"permissions":["firebase.projects.get"]}
[debug] [2021-10-24T15:00:33.858Z] <<< HTTP RESPONSE 200 {"content-type":"application/json; charset=UTF-8","vary":"X-Origin, Referer, Origin,Accept-Encoding","date":"Sun, 24 Oct 2021 15:00:35 GMT","server":"ESF","cache-control":"private","x-xss-protection":"0","x-frame-options":"SAMEORIGIN","x-content-type-options":"nosniff","server-timing":"gfet4t7; dur=684","alt-svc":"h3=\":443\"; ma=2592000,h3-29=\":443\"; ma=2592000,h3-Q050=\":443\"; ma=2592000,h3-Q046=\":443\"; ma=2592000,h3-Q043=\":443\"; ma=2592000","accept-ranges":"none","transfer-encoding":"chunked"}
[info] 
[info] Firestore Security Rules allow you to define how and when to allow
[info] requests. You can keep these rules in your project directory
[info] and publish them with firebase deploy.
[info] 
[debug] [2021-10-24T15:00:37.831Z] >>> HTTP REQUEST GET https://firebaserules.googleapis.com/v1/projects/fir-nest/releases?pageSize=10&pageToken=  
 
[debug] [2021-10-24T15:00:38.195Z] <<< HTTP RESPONSE 200 {"content-type":"application/json; charset=UTF-8","vary":"X-Origin, Referer, Origin,Accept-Encoding","date":"Sun, 24 Oct 2021 15:00:39 GMT","server":"ESF","cache-control":"private","x-xss-protection":"0","x-frame-options":"SAMEORIGIN","x-content-type-options":"nosniff","alt-svc":"h3=\":443\"; ma=2592000,h3-29=\":443\"; ma=2592000,h3-Q050=\":443\"; ma=2592000,h3-Q046=\":443\"; ma=2592000,h3-Q043=\":443\"; ma=2592000","accept-ranges":"none","transfer-encoding":"chunked"}
[debug] [2021-10-24T15:00:38.196Z] Found ruleset: projects/fir-nest/rulesets/3a058a04-a1c2-41de-9725-2e20123e2900
[debug] [2021-10-24T15:00:38.197Z] >>> HTTP REQUEST GET https://firebaserules.googleapis.com/v1/projects/fir-nest/rulesets/3a058a04-a1c2-41de-9725-2e20123e2900  
 
[debug] [2021-10-24T15:00:39.089Z] <<< HTTP RESPONSE 200 {"content-type":"application/json; charset=UTF-8","vary":"X-Origin, Referer, Origin,Accept-Encoding","date":"Sun, 24 Oct 2021 15:00:40 GMT","server":"ESF","cache-control":"private","x-xss-protection":"0","x-frame-options":"SAMEORIGIN","x-content-type-options":"nosniff","alt-svc":"h3=\":443\"; ma=2592000,h3-29=\":443\"; ma=2592000,h3-Q050=\":443\"; ma=2592000,h3-Q046=\":443\"; ma=2592000,h3-Q043=\":443\"; ma=2592000","accept-ranges":"none","transfer-encoding":"chunked"}
[info] 
[info] Firestore indexes allow you to perform complex queries while
[info] maintaining performance that scales with the size of the result
[info] set. You can keep index definitions in your project directory
[info] and publish them with firebase deploy.
[info] 
[debug] [2021-10-24T15:00:41.783Z] >>> HTTP REQUEST GET https://firestore.googleapis.com/v1/projects/fir-nest/databases/(default)/collectionGroups/-/indexes  
 
[debug] [2021-10-24T15:00:41.784Z] >>> HTTP REQUEST GET https://firestore.googleapis.com/v1/projects/fir-nest/databases/(default)/collectionGroups/-/fields?filter=indexConfig.usesAncestorConfig=false  
 
[debug] [2021-10-24T15:00:42.752Z] <<< HTTP RESPONSE 200 {"content-type":"application/json; charset=UTF-8","vary":"X-Origin, Referer, Origin,Accept-Encoding","date":"Sun, 24 Oct 2021 15:00:44 GMT","server":"ESF","cache-control":"private","x-xss-protection":"0","x-frame-options":"SAMEORIGIN","x-content-type-options":"nosniff","alt-svc":"h3=\":443\"; ma=2592000,h3-29=\":443\"; ma=2592000,h3-Q050=\":443\"; ma=2592000,h3-Q046=\":443\"; ma=2592000,h3-Q043=\":443\"; ma=2592000","accept-ranges":"none","transfer-encoding":"chunked"}
[debug] [2021-10-24T15:00:43.149Z] <<< HTTP RESPONSE 200 {"content-type":"application/json; charset=UTF-8","vary":"X-Origin, Referer, Origin,Accept-Encoding","date":"Sun, 24 Oct 2021 15:00:44 GMT","server":"ESF","cache-control":"private","x-xss-protection":"0","x-frame-options":"SAMEORIGIN","x-content-type-options":"nosniff","alt-svc":"h3=\":443\"; ma=2592000,h3-29=\":443\"; ma=2592000,h3-Q050=\":443\"; ma=2592000,h3-Q046=\":443\"; ma=2592000,h3-Q043=\":443\"; ma=2592000","accept-ranges":"none","transfer-encoding":"chunked"}
[info] 
=== Functions Setup
[info] 
[info] A functions directory will be created in your project with sample code
[info] pre-configured. Functions can be deployed with firebase deploy.
[info] 
[debug] [2021-10-24T15:00:43.154Z] > command requires scopes: ["email","openid","https://www.googleapis.com/auth/cloudplatformprojects.readonly","https://www.googleapis.com/auth/firebase","https://www.googleapis.com/auth/cloud-platform"]
[debug] [2021-10-24T15:00:43.154Z] > authorizing via signed-in user (inspiration.ty@gmail.com)
[debug] [2021-10-24T15:00:43.154Z] [iam] checking project fir-nest for permissions ["firebase.projects.get"]
[debug] [2021-10-24T15:00:43.155Z] >>> HTTP REQUEST POST https://cloudresourcemanager.googleapis.com/v1/projects/fir-nest:testIamPermissions  
 {"permissions":["firebase.projects.get"]}
[debug] [2021-10-24T15:00:43.956Z] <<< HTTP RESPONSE 200 {"content-type":"application/json; charset=UTF-8","vary":"X-Origin, Referer, Origin,Accept-Encoding","date":"Sun, 24 Oct 2021 15:00:45 GMT","server":"ESF","cache-control":"private","x-xss-protection":"0","x-frame-options":"SAMEORIGIN","x-content-type-options":"nosniff","server-timing":"gfet4t7; dur=691","alt-svc":"h3=\":443\"; ma=2592000,h3-29=\":443\"; ma=2592000,h3-Q050=\":443\"; ma=2592000,h3-Q046=\":443\"; ma=2592000,h3-Q043=\":443\"; ma=2592000","accept-ranges":"none","transfer-encoding":"chunked"}
[debug] [2021-10-24T15:00:43.957Z] >>> HTTP REQUEST POST https://serviceusage.googleapis.com/v1/projects/fir-nest/services/cloudfunctions.googleapis.com:enable  
 
[debug] [2021-10-24T15:00:43.958Z] >>> HTTP REQUEST POST https://serviceusage.googleapis.com/v1/projects/fir-nest/services/runtimeconfig.googleapis.com:enable  
 
[debug] [2021-10-24T15:00:44.875Z] <<< HTTP RESPONSE 200 {"content-type":"application/json; charset=UTF-8","vary":"X-Origin, Referer, Origin,Accept-Encoding","date":"Sun, 24 Oct 2021 15:00:46 GMT","server":"ESF","cache-control":"private","x-xss-protection":"0","x-frame-options":"SAMEORIGIN","x-content-type-options":"nosniff","alt-svc":"h3=\":443\"; ma=2592000,h3-29=\":443\"; ma=2592000,h3-Q050=\":443\"; ma=2592000,h3-Q046=\":443\"; ma=2592000,h3-Q043=\":443\"; ma=2592000","accept-ranges":"none","transfer-encoding":"chunked"}
[debug] [2021-10-24T15:00:44.978Z] <<< HTTP RESPONSE 200 {"content-type":"application/json; charset=UTF-8","vary":"X-Origin, Referer, Origin,Accept-Encoding","date":"Sun, 24 Oct 2021 15:00:46 GMT","server":"ESF","cache-control":"private","x-xss-protection":"0","x-frame-options":"SAMEORIGIN","x-content-type-options":"nosniff","alt-svc":"h3=\":443\"; ma=2592000,h3-29=\":443\"; ma=2592000,h3-Q050=\":443\"; ma=2592000,h3-Q046=\":443\"; ma=2592000,h3-Q043=\":443\"; ma=2592000","accept-ranges":"none","transfer-encoding":"chunked"}
[info] +  Wrote functions/package.json 
[info] +  Wrote functions/.eslintrc.js 
[info] +  Wrote functions/tsconfig.json 
[info] +  Wrote functions/tsconfig.dev.json 
[info] +  Wrote functions/src/index.ts 
[info] +  Wrote functions/.gitignore 
[info] 
=== Hosting Setup
[info] 
[info] Your public directory is the folder (relative to your project directory) that
[info] will contain Hosting assets to be uploaded with firebase deploy. If you
[info] have a build process for your assets, use your build's output directory.
[info] 
[info] +  Wrote public/404.html 
[debug] [2021-10-24T15:03:57.157Z] >>> [apiv2][query] GET https://www.gstatic.com/firebasejs/releases.json [none]
[debug] [2021-10-24T15:03:57.317Z] <<< [apiv2][status] GET https://www.gstatic.com/firebasejs/releases.json 200
[debug] [2021-10-24T15:03:57.318Z] <<< [apiv2][body] GET https://www.gstatic.com/firebasejs/releases.json {"current":{"version":"9.1.3","browserURL":"https://www.gstatic.com/firebasejs/9.1.3/firebase.js","packageURL":"https://www.gstatic.com/firebasejs/9.1.3/firebase.tgz"},"live":{"version":"9.1","browserURL":"https://www.gstatic.com/firebasejs/live/9.1/firebase.js","packageURL":"https://www.gstatic.com/firebasejs/live/9.1/firebase.tgz"},"components":{"analytics":"https://www.gstatic.com/firebasejs/9.1.3/firebase-analytics.js","app":"https://www.gstatic.com/firebasejs/9.1.3/firebase-app.js","app-check":"https://www.gstatic.com/firebasejs/9.1.3/firebase-app-check.js","auth":"https://www.gstatic.com/firebasejs/9.1.3/firebase-auth.js","auth/cordova":"https://www.gstatic.com/firebasejs/9.1.3/firebase-auth/cordova.js","auth/react-native":"https://www.gstatic.com/firebasejs/9.1.3/firebase-auth/react-native.js","functions":"https://www.gstatic.com/firebasejs/9.1.3/firebase-functions.js","firestore":"https://www.gstatic.com/firebasejs/9.1.3/firebase-firestore.js","firestore/lite":"https://www.gstatic.com/firebasejs/9.1.3/firebase-firestore/lite.js","storage":"https://www.gstatic.com/firebasejs/9.1.3/firebase-storage.js","performance":"https://www.gstatic.com/firebasejs/9.1.3/firebase-performance.js","remote-config":"https://www.gstatic.com/firebasejs/9.1.3/firebase-remote-config.js","messaging":"https://www.gstatic.com/firebasejs/9.1.3/firebase-messaging.js","messaging/sw":"https://www.gstatic.com/firebasejs/9.1.3/firebase-messaging/sw.js","database":"https://www.gstatic.com/firebasejs/9.1.3/firebase-database.js","firestore.memory":"https://www.gstatic.com/firebasejs/9.1.3/firebase-firestore.memory.js"}}
[info] +  Wrote public/index.html 
[info] 
[info] i  Detected a .git folder at F:\dashboard\api 
[info] i  Authorizing with GitHub to upload your service account to a GitHub repository's secrets store. 
[info] 
[info] Visit this URL on this device to log in:
[info] https://github.com/login/oauth/authorize?client_id=89cf50f02ac6aaed3484&state=993074376&redirect_uri=http%3A%2F%2Flocalhost%3A9005&scope=read%3Auser%20repo%20public_repo
[info] 
[info] Waiting for authentication...
[debug] [2021-10-24T15:08:08.703Z] >>> HTTP REQUEST POST https://github.com/login/oauth/access_token  
 {"client_id":"89cf50f02ac6aaed3484","client_secret":"3330d14abc895d9a74d5f17cd7a00711fa2c5bf0","code":"68e817de4de4e76c5118","redirect_uri":"http://localhost:9005","state":"993074376"}
[debug] [2021-10-24T15:08:08.980Z] <<< HTTP RESPONSE 200 {"server":"GitHub.com","date":"Sun, 24 Oct 2021 15:08:10 GMT","content-type":"application/json; charset=utf-8","transfer-encoding":"chunked","vary":"X-PJAX, X-PJAX-Container, Accept-Encoding, Accept, X-Requested-With","permissions-policy":"interest-cohort=()","etag":"W/\"1602c75864af3654d346f2b421f5f9ea\"","cache-control":"max-age=0, private, must-revalidate","strict-transport-security":"max-age=31536000; includeSubdomains; preload","x-frame-options":"deny","x-content-type-options":"nosniff","x-xss-protection":"0","referrer-policy":"origin-when-cross-origin, strict-origin-when-cross-origin","expect-ct":"max-age=2592000, report-uri=\"https://api.github.com/_private/browser/errors\"","content-security-policy":"default-src 'none'; base-uri 'self'; block-all-mixed-content; child-src github.com/assets-cdn/worker/ gist.github.com/assets-cdn/worker/; connect-src 'self' uploads.github.com objects-origin.githubusercontent.com www.githubstatus.com collector.githubapp.com api.github.com github-cloud.s3.amazonaws.com github-production-repository-file-5c1aeb.s3.amazonaws.com github-production-upload-manifest-file-7fdce7.s3.amazonaws.com github-production-user-asset-6210df.s3.amazonaws.com cdn.optimizely.com logx.optimizely.com/v1/events translator.github.com wss://alive.github.com; font-src github.githubassets.com; form-action 'self' github.com gist.github.com objects-origin.githubusercontent.com; frame-ancestors 'none'; frame-src render.githubusercontent.com viewscreen.githubusercontent.com notebooks.githubusercontent.com; img-src 'self' data: github.githubassets.com identicons.github.com collector.githubapp.com github-cloud.s3.amazonaws.com secured-user-images.githubusercontent.com/ *.githubusercontent.com; manifest-src 'self'; media-src github.com user-images.githubusercontent.com/; script-src github.githubassets.com; style-src 'unsafe-inline' github.githubassets.com; worker-src github.com/assets-cdn/worker/ gist.github.com/assets-cdn/worker/","x-github-request-id":"7C2A:113E5:3BDB95D:3EB0DC5:617576DA"}
[debug] [2021-10-24T15:08:08.985Z] >>> [apiv2][query] GET https://api.github.com/user [none]
[debug] [2021-10-24T15:08:09.294Z] <<< [apiv2][status] GET https://api.github.com/user 200
[debug] [2021-10-24T15:08:09.295Z] <<< [apiv2][body] GET https://api.github.com/user {"login":"deconstruction10","id":82336965,"node_id":"MDQ6VXNlcjgyMzM2OTY1","avatar_url":"https://avatars.githubusercontent.com/u/82336965?v=4","gravatar_id":"","url":"https://api.github.com/users/deconstruction10","html_url":"https://github.com/deconstruction10","followers_url":"https://api.github.com/users/deconstruction10/followers","following_url":"https://api.github.com/users/deconstruction10/following{/other_user}","gists_url":"https://api.github.com/users/deconstruction10/gists{/gist_id}","starred_url":"https://api.github.com/users/deconstruction10/starred{/owner}{/repo}","subscriptions_url":"https://api.github.com/users/deconstruction10/subscriptions","organizations_url":"https://api.github.com/users/deconstruction10/orgs","repos_url":"https://api.github.com/users/deconstruction10/repos","events_url":"https://api.github.com/users/deconstruction10/events{/privacy}","received_events_url":"https://api.github.com/users/deconstruction10/received_events","type":"User","site_admin":false,"name":null,"company":null,"blog":"","location":null,"email":null,"hireable":null,"bio":null,"twitter_username":null,"public_repos":7,"public_gists":0,"followers":0,"following":1,"created_at":"2021-04-11T19:06:21Z","updated_at":"2021-10-24T15:06:57Z","private_gists":0,"total_private_repos":0,"owned_private_repos":0,"disk_usage":1029,"collaborators":0,"two_factor_authentication":false,"plan":{"name":"free","space":976562499,"collaborators":0,"private_repos":10000}}
[info] 
[info] +  Success! Logged into GitHub as deconstruction10 
[info] 
[debug] [2021-10-24T15:08:46.512Z] >>> [apiv2][query] GET https://api.github.com/repos/deconstruction10/actions/secrets/public-key type=owner
[debug] [2021-10-24T15:08:46.759Z] <<< [apiv2][status] GET https://api.github.com/repos/deconstruction10/actions/secrets/public-key 404
[debug] [2021-10-24T15:08:46.759Z] <<< [apiv2][body] GET https://api.github.com/repos/deconstruction10/actions/secrets/public-key {"message":"Not Found","documentation_url":"https://docs.github.com/rest"}
[debug] [2021-10-24T15:08:50.176Z] >>> [apiv2][query] GET https://api.github.com/repos/deconstruction10/actions/secrets/public-key type=owner
[debug] [2021-10-24T15:08:50.400Z] <<< [apiv2][status] GET https://api.github.com/repos/deconstruction10/actions/secrets/public-key 404
[debug] [2021-10-24T15:08:50.401Z] <<< [apiv2][body] GET https://api.github.com/repos/deconstruction10/actions/secrets/public-key {"message":"Not Found","documentation_url":"https://docs.github.com/rest"}
[debug] [2021-10-24T15:09:32.127Z] >>> [apiv2][query] GET https://api.github.com/repos/deconstruction10/actions/secrets/public-key type=owner
[debug] [2021-10-24T15:09:32.368Z] <<< [apiv2][status] GET https://api.github.com/repos/deconstruction10/actions/secrets/public-key 404
[debug] [2021-10-24T15:09:32.369Z] <<< [apiv2][body] GET https://api.github.com/repos/deconstruction10/actions/secrets/public-key {"message":"Not Found","documentation_url":"https://docs.github.com/rest"}
